==12601== Memcheck, a memory error detector
==12601== Copyright (C) 2002-2017, and GNU GPL'd, by Julian Seward et al.
==12601== Using Valgrind-3.13.0 and LibVEX; rerun with -h for copyright info
==12601== Command: ./lem-in
==12601== Parent PID: 12549
==12601== 
==12601== 
==12601== HEAP SUMMARY:
==12601==     in use at exit: 18,700 bytes in 8 blocks
==12601==   total heap usage: 380,368 allocs, 380,360 frees, 173,243,532 bytes allocated
==12601== 
==12601== LEAK SUMMARY:
==12601==    definitely lost: 0 bytes in 0 blocks
==12601==    indirectly lost: 0 bytes in 0 blocks
==12601==      possibly lost: 0 bytes in 0 blocks
==12601==    still reachable: 18,700 bytes in 8 blocks
==12601==         suppressed: 0 bytes in 0 blocks
==12601== Reachable blocks (those to which a pointer was found) are not shown.
==12601== To see them, rerun with: --leak-check=full --show-leak-kinds=all
==12601== 
==12601== For counts of detected and suppressed errors, rerun with: -v
==12601== ERROR SUMMARY: 0 errors from 0 contexts (suppressed: 0 from 0)
